Using pre-set license
Built from '2020.3/staging' branch; Version is '2020.3.4f1 (0abb6314276a) revision 703331'; Using compiler version '192528614'; Build Type 'Release'
OS: 'Windows 10 Pro; OS build 19042.928; Version 2009; 64bit' Language: 'en' Physical Memory: 16332 MB
BatchMode: 1, IsHumanControllingUs: 0, StartBugReporterOnCrash: 0, Is64bit: 1, IsPro: 0

 COMMAND LINE ARGUMENTS:
C:\Program Files\Unity\Hub\Editor\2020.3.4f1\Editor\Unity.exe
-adb2
-batchMode
-noUpm
-name
AssetImportWorker0
-projectPath
D:/Unity Projects/Personal Projects/Shoot Out Enemy/Unity/ShootOut-Enemy/New Unity Project 1
-logFile
Logs/AssetImportWorker0.log
-srvPort
8462
Successfully changed project path to: D:/Unity Projects/Personal Projects/Shoot Out Enemy/Unity/ShootOut-Enemy/New Unity Project 1
D:/Unity Projects/Personal Projects/Shoot Out Enemy/Unity/ShootOut-Enemy/New Unity Project 1
Using Asset Import Pipeline V2.
Refreshing native plugins compatible for Editor in 36.51 ms, found 0 plugins.
Preloading 0 native plugins for Editor in 0.00 ms.
Initialize engine version: 2020.3.4f1 (0abb6314276a)
[Subsystems] Discovering subsystems at path C:/Program Files/Unity/Hub/Editor/2020.3.4f1/Editor/Data/Resources/UnitySubsystems
[Subsystems] Discovering subsystems at path D:/Unity Projects/Personal Projects/Shoot Out Enemy/Unity/ShootOut-Enemy/New Unity Project 1/Assets
GfxDevice: creating device client; threaded=0
Direct3D:
    Version:  Direct3D 11.0 [level 11.1]
    Renderer: NVIDIA GeForce RTX 2060 (ID=0x1e89)
    Vendor:   
    VRAM:     5967 MB
    Driver:   27.21.14.6611
Initialize mono
Mono path[0] = 'C:/Program Files/Unity/Hub/Editor/2020.3.4f1/Editor/Data/Managed'
Mono path[1] = 'C:/Program Files/Unity/Hub/Editor/2020.3.4f1/Editor/Data/MonoBleedingEdge/lib/mono/unityjit'
Mono config path = 'C:/Program Files/Unity/Hub/Editor/2020.3.4f1/Editor/Data/MonoBleedingEdge/etc'
Using monoOptions --debugger-agent=transport=dt_socket,embedding=1,server=y,suspend=n,address=127.0.0.1:56196
Begin MonoManager ReloadAssembly
Registering precompiled unity dll's ...
Register platform support module: C:/Program Files/Unity/Hub/Editor/2020.3.4f1/Editor/Data/PlaybackEngines/WindowsStandaloneSupport/UnityEditor.WindowsStandalone.Extensions.dll
Registered in 0.002596 seconds.
Native extension for WindowsStandalone target not found
Refreshing native plugins compatible for Editor in 37.05 ms, found 0 plugins.
Preloading 0 native plugins for Editor in 0.00 ms.
Mono: successfully reloaded assembly
- Completed reload, in  2.228 seconds
Platform modules already initialized, skipping
Registering precompiled user dll's ...
Registered in 0.000691 seconds.
Begin MonoManager ReloadAssembly
Native extension for WindowsStandalone target not found
Refreshing native plugins compatible for Editor in 0.31 ms, found 0 plugins.
Preloading 0 native plugins for Editor in 0.00 ms.
Mono: successfully reloaded assembly
- Completed reload, in  0.989 seconds
Platform modules already initialized, skipping
========================================================================
Worker process is ready to serve import requests
Launched and connected shader compiler UnityShaderCompiler.exe after 0.05 seconds
Refreshing native plugins compatible for Editor in 0.62 ms, found 0 plugins.
Preloading 0 native plugins for Editor in 0.00 ms.
Unloading 1311 Unused Serialized files (Serialized files now loaded: 0)
System memory in use before: 75.1 MB.
System memory in use after: 54.0 MB.

Unloading 10 unused Assets to reduce memory usage. Loaded Objects now: 1753.
Total: 4.500800 ms (FindLiveObjects: 0.322000 ms CreateObjectMapping: 0.061700 ms MarkObjects: 3.994700 ms  DeleteObjects: 0.120600 ms)

========================================================================
Received Import Request.
  path: Assets/New Terrain.asset
  artifactKey: Guid(39d243d28488e1e4bb297f1cc66222b2) Importer(815301076,1909f56bfc062723c751e8b465ee728b)
Start importing Assets/New Terrain.asset using Guid(39d243d28488e1e4bb297f1cc66222b2) Importer(815301076,1909f56bfc062723c751e8b465ee728b)  -> (artifact id: '4860df1ca2b0fb6fd16c24968eb7c5d4') in 0.447596 seconds
  Import took 0.451325 seconds .

========================================================================
Received Prepare
Registering precompiled user dll's ...
Registered in 0.000723 seconds.
Begin MonoManager ReloadAssembly
Native extension for WindowsStandalone target not found
Refreshing native plugins compatible for Editor in 0.31 ms, found 0 plugins.
Preloading 0 native plugins for Editor in 0.00 ms.
Mono: successfully reloaded assembly
- Completed reload, in  0.904 seconds
Platform modules already initialized, skipping
Refreshing native plugins compatible for Editor in 0.32 ms, found 0 plugins.
Preloading 0 native plugins for Editor in 0.00 ms.
Unloading 1242 Unused Serialized files (Serialized files now loaded: 0)
System memory in use before: 70.2 MB.
System memory in use after: 69.7 MB.

Unloading 7 unused Assets to reduce memory usage. Loaded Objects now: 1763.
Total: 2.113000 ms (FindLiveObjects: 0.179100 ms CreateObjectMapping: 0.034200 ms MarkObjects: 1.497700 ms  DeleteObjects: 0.400800 ms)

========================================================================
Received Import Request.
  Time since last request: 292.696965 seconds.
  path: Assets/Credit.unity
  artifactKey: Guid(6a565648c66967a42adae6c02df9be90) Importer(815301076,1909f56bfc062723c751e8b465ee728b)
Start importing Assets/Credit.unity using Guid(6a565648c66967a42adae6c02df9be90) Importer(815301076,1909f56bfc062723c751e8b465ee728b)  -> (artifact id: '84a8b86585a37331c39e6a6ea5380be5') in 0.028039 seconds
  Import took 0.030474 seconds .

========================================================================
Received Import Request.
  Time since last request: 67.621276 seconds.
  path: Assets/GameOver.unity
  artifactKey: Guid(ca4a2d825baa2c548b801cec1832cd74) Importer(815301076,1909f56bfc062723c751e8b465ee728b)
Start importing Assets/GameOver.unity using Guid(ca4a2d825baa2c548b801cec1832cd74) Importer(815301076,1909f56bfc062723c751e8b465ee728b)  -> (artifact id: 'faae52d8bea913234dac971b64a76769') in 0.011038 seconds
  Import took 0.014839 seconds .

========================================================================
Received Import Request.
  Time since last request: 15.970683 seconds.
  path: Assets/Scripts/Not
  artifactKey: Guid(ec0c30cfd7d7aed43a6878dcdcc2c2a5) Importer(815301076,1909f56bfc062723c751e8b465ee728b)
Start importing Assets/Scripts/Not using Guid(ec0c30cfd7d7aed43a6878dcdcc2c2a5) Importer(815301076,1909f56bfc062723c751e8b465ee728b)  -> (artifact id: 'c1310bbe44bca82b732d80e42d43385f') in 0.012435 seconds
  Import took 0.014824 seconds .

========================================================================
Received Import Request.
  Time since last request: 3.332396 seconds.
  path: Assets/Scripts/Cutscenes
  artifactKey: Guid(44a25df9f91ae2d4287ab1d7bc0d1efc) Importer(815301076,1909f56bfc062723c751e8b465ee728b)
Start importing Assets/Scripts/Cutscenes using Guid(44a25df9f91ae2d4287ab1d7bc0d1efc) Importer(815301076,1909f56bfc062723c751e8b465ee728b)  -> (artifact id: 'd52a9f79201a0d0814246a53fd44506d') in 0.012252 seconds
  Import took 0.014537 seconds .

========================================================================
Received Import Request.
  Time since last request: 3.208998 seconds.
  path: Assets/Scripts/AmmoPickup.js
  artifactKey: Guid(8f0a7f76dc95bfc43ae6ab4fbdb7ac31) Importer(815301076,1909f56bfc062723c751e8b465ee728b)
Start importing Assets/Scripts/AmmoPickup.js using Guid(8f0a7f76dc95bfc43ae6ab4fbdb7ac31) Importer(815301076,1909f56bfc062723c751e8b465ee728b)  -> (artifact id: 'ea315985c68613d4227c1cc96b12f6d5') in 0.018809 seconds
  Import took 0.021208 seconds .

========================================================================
Received Import Request.
  Time since last request: 0.000500 seconds.
  path: Assets/Scripts/AmmoPickup.js
  artifactKey: Guid(8f0a7f76dc95bfc43ae6ab4fbdb7ac31) Importer(815301076,1909f56bfc062723c751e8b465ee728b)
Start importing Assets/Scripts/AmmoPickup.js using Guid(8f0a7f76dc95bfc43ae6ab4fbdb7ac31) Importer(815301076,1909f56bfc062723c751e8b465ee728b)  -> (artifact id: 'ea315985c68613d4227c1cc96b12f6d5') in 0.002326 seconds
  Import took 0.004517 seconds .

========================================================================
Received Import Request.
  Time since last request: 22.471805 seconds.
  path: Assets/Scripts/CrossAnimate.js
  artifactKey: Guid(7f091525dca1cb649bfdf1802fac0d5b) Importer(815301076,1909f56bfc062723c751e8b465ee728b)
Start importing Assets/Scripts/CrossAnimate.js using Guid(7f091525dca1cb649bfdf1802fac0d5b) Importer(815301076,1909f56bfc062723c751e8b465ee728b)  -> (artifact id: 'e87c8119588e5a368533645f66ba09c5') in 0.010904 seconds
  Import took 0.013187 seconds .

========================================================================
Received Import Request.
  Time since last request: 1137.919214 seconds.
  path: Assets/Scripts/NewBehaviourScript.cs
  artifactKey: Guid(c594d31390858614090bd5c8659f758f) Importer(815301076,1909f56bfc062723c751e8b465ee728b)
Start importing Assets/Scripts/NewBehaviourScript.cs using Guid(c594d31390858614090bd5c8659f758f) Importer(815301076,1909f56bfc062723c751e8b465ee728b)  -> (artifact id: '0393b87fe095f0d2259676071c08abfa') in 0.016830 seconds
  Import took 0.019236 seconds .

========================================================================
Received Prepare
Registering precompiled user dll's ...
Registered in 0.000645 seconds.
Begin MonoManager ReloadAssembly
Native extension for WindowsStandalone target not found
Refreshing native plugins compatible for Editor in 0.31 ms, found 0 plugins.
Preloading 0 native plugins for Editor in 0.00 ms.
Mono: successfully reloaded assembly
- Completed reload, in  0.872 seconds
Platform modules already initialized, skipping
Refreshing native plugins compatible for Editor in 0.30 ms, found 0 plugins.
Preloading 0 native plugins for Editor in 0.00 ms.
Unloading 1243 Unused Serialized files (Serialized files now loaded: 0)
System memory in use before: 69.7 MB.
System memory in use after: 69.8 MB.

Unloading 5 unused Assets to reduce memory usage. Loaded Objects now: 1767.
Total: 1.803300 ms (FindLiveObjects: 0.179400 ms CreateObjectMapping: 0.041000 ms MarkObjects: 1.534000 ms  DeleteObjects: 0.047900 ms)

========================================================================
Received Import Request.
  Time since last request: 4.513627 seconds.
  path: Assets/Scripts/ObjectiveManager.cs
  artifactKey: Guid(39b6ad38454da1042aaaf461cf09658e) Importer(815301076,1909f56bfc062723c751e8b465ee728b)
Start importing Assets/Scripts/ObjectiveManager.cs using Guid(39b6ad38454da1042aaaf461cf09658e) Importer(815301076,1909f56bfc062723c751e8b465ee728b)  -> (artifact id: '28cf14ade0774ce90640f8bbb17733e3') in 0.016023 seconds
  Import took 0.018516 seconds .

========================================================================
Received Prepare
Registering precompiled user dll's ...
Registered in 0.000728 seconds.
Begin MonoManager ReloadAssembly
Native extension for WindowsStandalone target not found
Refreshing native plugins compatible for Editor in 0.28 ms, found 0 plugins.
Preloading 0 native plugins for Editor in 0.00 ms.
Mono: successfully reloaded assembly
- Completed reload, in  0.871 seconds
Platform modules already initialized, skipping
Refreshing native plugins compatible for Editor in 0.29 ms, found 0 plugins.
Preloading 0 native plugins for Editor in 0.00 ms.
Unloading 1242 Unused Serialized files (Serialized files now loaded: 0)
System memory in use before: 69.7 MB.
System memory in use after: 69.8 MB.

Unloading 6 unused Assets to reduce memory usage. Loaded Objects now: 1769.
Total: 1.603200 ms (FindLiveObjects: 0.156000 ms CreateObjectMapping: 0.031100 ms MarkObjects: 1.371100 ms  DeleteObjects: 0.044100 ms)

========================================================================
Received Import Request.
  Time since last request: 69.507516 seconds.
  path: Assets/Scripts/AmmoPickup.cs
  artifactKey: Guid(5a80d9f3f4584964db45089fef12ff33) Importer(815301076,1909f56bfc062723c751e8b465ee728b)
Start importing Assets/Scripts/AmmoPickup.cs using Guid(5a80d9f3f4584964db45089fef12ff33) Importer(815301076,1909f56bfc062723c751e8b465ee728b)  -> (artifact id: '5ab9f92283360bee4b356654f42e3c94') in 0.005260 seconds
  Import took 0.007673 seconds .

========================================================================
Received Prepare
Registering precompiled user dll's ...
Registered in 0.000677 seconds.
Begin MonoManager ReloadAssembly
Native extension for WindowsStandalone target not found
Refreshing native plugins compatible for Editor in 0.30 ms, found 0 plugins.
Preloading 0 native plugins for Editor in 0.00 ms.
Mono: successfully reloaded assembly
- Completed reload, in  0.880 seconds
Platform modules already initialized, skipping
Refreshing native plugins compatible for Editor in 0.29 ms, found 0 plugins.
Preloading 0 native plugins for Editor in 0.00 ms.
Unloading 1243 Unused Serialized files (Serialized files now loaded: 0)
System memory in use before: 69.7 MB.
System memory in use after: 69.8 MB.

Unloading 5 unused Assets to reduce memory usage. Loaded Objects now: 1773.
Total: 1.876300 ms (FindLiveObjects: 0.204700 ms CreateObjectMapping: 0.043000 ms MarkObjects: 1.577100 ms  DeleteObjects: 0.049900 ms)

========================================================================
Received Import Request.
  Time since last request: 239.866217 seconds.
  path: Assets/Scripts/GlobalHealth.cs
  artifactKey: Guid(7eac16d7938fcb34e8c5d971b6566777) Importer(815301076,1909f56bfc062723c751e8b465ee728b)
Start importing Assets/Scripts/GlobalHealth.cs using Guid(7eac16d7938fcb34e8c5d971b6566777) Importer(815301076,1909f56bfc062723c751e8b465ee728b)  -> (artifact id: '2538ac09250fd83d14454743418dc47d') in 0.015039 seconds
  Import took 0.017564 seconds .

========================================================================
Received Import Request.
  Time since last request: 0.763362 seconds.
  path: Assets/Scripts/GlobalAmmo.js
  artifactKey: Guid(12bff75ee5a9aab429d967cfc269cb95) Importer(815301076,1909f56bfc062723c751e8b465ee728b)
Start importing Assets/Scripts/GlobalAmmo.js using Guid(12bff75ee5a9aab429d967cfc269cb95) Importer(815301076,1909f56bfc062723c751e8b465ee728b)  -> (artifact id: 'd170a59fd1b622442487cad27532975e') in 0.021287 seconds
  Import took 0.023589 seconds .

========================================================================
Received Import Request.
  Time since last request: 30.261226 seconds.
  path: Assets/Scripts/GlobalAmmo.cs
  artifactKey: Guid(815acdc8e8559f74290909101402485d) Importer(815301076,1909f56bfc062723c751e8b465ee728b)
Start importing Assets/Scripts/GlobalAmmo.cs using Guid(815acdc8e8559f74290909101402485d) Importer(815301076,1909f56bfc062723c751e8b465ee728b)  -> (artifact id: '0012aea025d3154bb93bef727974f1ea') in 0.002839 seconds
  Import took 0.005517 seconds .

========================================================================
Received Import Request.
  Time since last request: 20.158036 seconds.
  path: Assets/Scripts/EnemyScriptSpider.js
  artifactKey: Guid(23af6e56bb3ce134d9601b1d516ed009) Importer(815301076,1909f56bfc062723c751e8b465ee728b)
Start importing Assets/Scripts/EnemyScriptSpider.js using Guid(23af6e56bb3ce134d9601b1d516ed009) Importer(815301076,1909f56bfc062723c751e8b465ee728b)  -> (artifact id: '5e2b1fe701695bd3a4275c7c86c52c1a') in 0.011091 seconds
  Import took 0.013416 seconds .

========================================================================
Received Import Request.
  Time since last request: 6.273939 seconds.
  path: Assets/Scripts
  artifactKey: Guid(7d8b9b86b7427c046a47df8fe1fb81b9) Importer(815301076,1909f56bfc062723c751e8b465ee728b)
Start importing Assets/Scripts using Guid(7d8b9b86b7427c046a47df8fe1fb81b9) Importer(815301076,1909f56bfc062723c751e8b465ee728b)  -> (artifact id: '90195fb6f104ee185dc7842db0710ede') in 0.014959 seconds
  Import took 0.018299 seconds .

========================================================================
Received Import Request.
  Time since last request: 0.000472 seconds.
  path: Assets/Scripts
  artifactKey: Guid(7d8b9b86b7427c046a47df8fe1fb81b9) Importer(815301076,1909f56bfc062723c751e8b465ee728b)
Start importing Assets/Scripts using Guid(7d8b9b86b7427c046a47df8fe1fb81b9) Importer(815301076,1909f56bfc062723c751e8b465ee728b)  -> (artifact id: '90195fb6f104ee185dc7842db0710ede') in 0.002206 seconds
  Import took 0.004686 seconds .

========================================================================
Received Import Request.
  Time since last request: 12.592170 seconds.
  path: Assets/Scripts/JavaScript Files
  artifactKey: Guid(24faf12477afe8e45ab7315386b82399) Importer(815301076,1909f56bfc062723c751e8b465ee728b)
Start importing Assets/Scripts/JavaScript Files using Guid(24faf12477afe8e45ab7315386b82399) Importer(815301076,1909f56bfc062723c751e8b465ee728b)  -> (artifact id: '0fcf375584df844c27581307ed2965c4') in 0.011684 seconds
  Import took 0.014327 seconds .

========================================================================
Received Import Request.
  Time since last request: 141.061575 seconds.
  path: Assets/Scripts/GlobalAmmo.cs
  artifactKey: Guid(815acdc8e8559f74290909101402485d) Importer(815301076,1909f56bfc062723c751e8b465ee728b)
Start importing Assets/Scripts/GlobalAmmo.cs using Guid(815acdc8e8559f74290909101402485d) Importer(815301076,1909f56bfc062723c751e8b465ee728b)  -> (artifact id: '769fa0c9252a92e4b1525a3a2d53c668') in 0.002862 seconds
  Import took 0.005599 seconds .

========================================================================
Received Import Request.
  Time since last request: 42.744299 seconds.
  path: Assets/Scripts/GlobalAmmo.cs
  artifactKey: Guid(815acdc8e8559f74290909101402485d) Importer(815301076,1909f56bfc062723c751e8b465ee728b)
Start importing Assets/Scripts/GlobalAmmo.cs using Guid(815acdc8e8559f74290909101402485d) Importer(815301076,1909f56bfc062723c751e8b465ee728b)  -> (artifact id: '68df8713dab286671b096f8169ae2de9') in 0.002647 seconds
  Import took 0.005016 seconds .

========================================================================
Received Import Request.
  Time since last request: 17.463646 seconds.
  path: Assets/Scripts/GlobalAmmo.cs
  artifactKey: Guid(815acdc8e8559f74290909101402485d) Importer(815301076,1909f56bfc062723c751e8b465ee728b)
Start importing Assets/Scripts/GlobalAmmo.cs using Guid(815acdc8e8559f74290909101402485d) Importer(815301076,1909f56bfc062723c751e8b465ee728b)  -> (artifact id: '8fa32195bd775c4864223c947dfcbdc9') in 0.002494 seconds
  Import took 0.005065 seconds .

========================================================================
Received Import Request.
  Time since last request: 7.041144 seconds.
  path: Assets/Scripts/GlobalAmmo.cs
  artifactKey: Guid(815acdc8e8559f74290909101402485d) Importer(815301076,1909f56bfc062723c751e8b465ee728b)
Start importing Assets/Scripts/GlobalAmmo.cs using Guid(815acdc8e8559f74290909101402485d) Importer(815301076,1909f56bfc062723c751e8b465ee728b)  -> (artifact id: 'fa075f376daa793d7a6fc593a5fca19c') in 0.003048 seconds
  Import took 0.005432 seconds .

========================================================================
Received Import Request.
  Time since last request: 41.711411 seconds.
  path: Assets/Scripts/GlobalAmmo.cs
  artifactKey: Guid(815acdc8e8559f74290909101402485d) Importer(815301076,1909f56bfc062723c751e8b465ee728b)
Start importing Assets/Scripts/GlobalAmmo.cs using Guid(815acdc8e8559f74290909101402485d) Importer(815301076,1909f56bfc062723c751e8b465ee728b)  -> (artifact id: '8499717ce4cd2ac563bcac5f873434d2') in 0.002724 seconds
  Import took 0.005169 seconds .

========================================================================
Received Import Request.
  Time since last request: 89.937079 seconds.
  path: Assets/Scripts/GlobalAmmo.cs
  artifactKey: Guid(815acdc8e8559f74290909101402485d) Importer(815301076,1909f56bfc062723c751e8b465ee728b)
Start importing Assets/Scripts/GlobalAmmo.cs using Guid(815acdc8e8559f74290909101402485d) Importer(815301076,1909f56bfc062723c751e8b465ee728b)  -> (artifact id: '4152253b478a64951cd149451bae63ab') in 0.003019 seconds
  Import took 0.005508 seconds .

========================================================================
Received Import Request.
  Time since last request: 43.133460 seconds.
  path: Assets/Scripts/GlobalAmmo.cs
  artifactKey: Guid(815acdc8e8559f74290909101402485d) Importer(815301076,1909f56bfc062723c751e8b465ee728b)
Start importing Assets/Scripts/GlobalAmmo.cs using Guid(815acdc8e8559f74290909101402485d) Importer(815301076,1909f56bfc062723c751e8b465ee728b)  -> (artifact id: 'f464b930389f0bc157ff230489575ab9') in 0.003078 seconds
  Import took 0.005522 seconds .

========================================================================
Received Import Request.
  Time since last request: 47.454279 seconds.
  path: Assets/Scripts/GlobalAmmo.cs
  artifactKey: Guid(815acdc8e8559f74290909101402485d) Importer(815301076,1909f56bfc062723c751e8b465ee728b)
Start importing Assets/Scripts/GlobalAmmo.cs using Guid(815acdc8e8559f74290909101402485d) Importer(815301076,1909f56bfc062723c751e8b465ee728b)  -> (artifact id: '5b33ddba9909f34da2cd97ddaea8b885') in 0.004360 seconds
  Import took 0.007080 seconds .

========================================================================
Received Prepare
Registering precompiled user dll's ...
Registered in 0.000668 seconds.
Begin MonoManager ReloadAssembly
Native extension for WindowsStandalone target not found
Refreshing native plugins compatible for Editor in 0.29 ms, found 0 plugins.
Preloading 0 native plugins for Editor in 0.00 ms.
Mono: successfully reloaded assembly
- Completed reload, in  0.873 seconds
Platform modules already initialized, skipping
Refreshing native plugins compatible for Editor in 0.32 ms, found 0 plugins.
Preloading 0 native plugins for Editor in 0.00 ms.
Unloading 1244 Unused Serialized files (Serialized files now loaded: 0)
System memory in use before: 69.8 MB.
System memory in use after: 69.8 MB.

Unloading 5 unused Assets to reduce memory usage. Loaded Objects now: 1777.
Total: 1.930500 ms (FindLiveObjects: 0.206900 ms CreateObjectMapping: 0.033800 ms MarkObjects: 1.639800 ms  DeleteObjects: 0.049100 ms)

========================================================================
Received Import Request.
  Time since last request: 91.551599 seconds.
  path: Assets/Scripts/CredToMenuC.cs
  artifactKey: Guid(46aedd940c7aadb459c51c30c62f05f9) Importer(815301076,1909f56bfc062723c751e8b465ee728b)
Start importing Assets/Scripts/CredToMenuC.cs using Guid(46aedd940c7aadb459c51c30c62f05f9) Importer(815301076,1909f56bfc062723c751e8b465ee728b)  -> (artifact id: 'd6497a9fa01619937a43858387157ae7') in 0.010497 seconds
  Import took 0.012870 seconds .

========================================================================
Received Import Request.
  Time since last request: 4.539932 seconds.
  path: Assets/Scripts/CrossAnimate.cs
  artifactKey: Guid(87211fcf163de1e49a123f5e2d7bbf6a) Importer(815301076,1909f56bfc062723c751e8b465ee728b)
Start importing Assets/Scripts/CrossAnimate.cs using Guid(87211fcf163de1e49a123f5e2d7bbf6a) Importer(815301076,1909f56bfc062723c751e8b465ee728b)  -> (artifact id: 'e05515e2ac78adc6540f2550f44b1e28') in 0.002172 seconds
  Import took 0.004458 seconds .

========================================================================
Received Prepare
Registering precompiled user dll's ...
Registered in 0.000671 seconds.
Begin MonoManager ReloadAssembly
Native extension for WindowsStandalone target not found
Refreshing native plugins compatible for Editor in 0.50 ms, found 0 plugins.
Preloading 0 native plugins for Editor in 0.00 ms.
Mono: successfully reloaded assembly
- Completed reload, in  0.920 seconds
Platform modules already initialized, skipping
Refreshing native plugins compatible for Editor in 0.31 ms, found 0 plugins.
Preloading 0 native plugins for Editor in 0.00 ms.
Unloading 1245 Unused Serialized files (Serialized files now loaded: 0)
System memory in use before: 69.8 MB.
System memory in use after: 69.8 MB.

Unloading 5 unused Assets to reduce memory usage. Loaded Objects now: 1781.
Total: 2.182800 ms (FindLiveObjects: 0.283900 ms CreateObjectMapping: 0.081300 ms MarkObjects: 1.764800 ms  DeleteObjects: 0.051300 ms)

========================================================================
Received Import Request.
  Time since last request: 151.978107 seconds.
  path: Assets/Scripts/CrossAnimate.cs
  artifactKey: Guid(87211fcf163de1e49a123f5e2d7bbf6a) Importer(815301076,1909f56bfc062723c751e8b465ee728b)
Start importing Assets/Scripts/CrossAnimate.cs using Guid(87211fcf163de1e49a123f5e2d7bbf6a) Importer(815301076,1909f56bfc062723c751e8b465ee728b)  -> (artifact id: '9e1c21377a22a5de657ffab896aaf253') in 0.005444 seconds
  Import took 0.008002 seconds .

========================================================================
Received Import Request.
  Time since last request: 40.837119 seconds.
  path: Assets/Level001.unity
  artifactKey: Guid(b68f07ec1c4172f4a8b09befc955a70c) Importer(815301076,1909f56bfc062723c751e8b465ee728b)
Start importing Assets/Level001.unity using Guid(b68f07ec1c4172f4a8b09befc955a70c) Importer(815301076,1909f56bfc062723c751e8b465ee728b)  -> (artifact id: 'ea8ab89bfe00a82b84347ea2265afe39') in 0.017856 seconds
  Import took 0.020267 seconds .

========================================================================
Received Import Request.
  Time since last request: 14.584760 seconds.
  path: Assets/MainMenu.unity
  artifactKey: Guid(f3360a0eb32b645438cc23a6af30ae1f) Importer(815301076,1909f56bfc062723c751e8b465ee728b)
Start importing Assets/MainMenu.unity using Guid(f3360a0eb32b645438cc23a6af30ae1f) Importer(815301076,1909f56bfc062723c751e8b465ee728b)  -> (artifact id: '0f3de7a3d9b0a479afc8b66eeddd88b8') in 0.041008 seconds
  Import took 0.044227 seconds .

AssetImportWorkerClient::OnTransportError - code=2 error=End of file
